<?xml version="1.0" encoding="UTF-8"?>
<!-- Generated by org.testng.reporters.JUnitReportReporter -->
<testsuite hostname="KARTHIKs-MacBook-Pro.local" name="com.ge.current.em.automation.apm.enterprise.EnterpriseTest" tests="1" failures="0" timestamp="24 May 2017 18:25:38 GMT" time="2.529" errors="0">
  <testcase name="testEnterpriseUnderRootEnterprise" time="2.529" classname="com.ge.current.em.automation.apm.enterprise.EnterpriseTest"/>
</testsuite> <!-- com.ge.current.em.automation.apm.enterprise.EnterpriseTest -->
