<?xml version="1.0" encoding="UTF-8"?>
<!-- Generated by org.testng.reporters.JUnitReportReporter -->
<testsuite hostname="CIQ-002" name="com.ge.current.em.automation.ui.APMPostTest" tests="7" failures="0" timestamp="10 Apr 2017 10:34:48 GMT" time="10.177" errors="1">
  <testcase name="creatingSiteswithvalidinputs" time="1.625" classname="com.ge.current.em.automation.ui.APMPostTest"/>
  <testcase name="createAssetModelTypeValidInputs" time="1.446" classname="com.ge.current.em.automation.ui.APMPostTest"/>
  <testcase name="createTagTypes" time="1.541" classname="com.ge.current.em.automation.ui.APMPostTest"/>
  <testcase name="createAssetTypeValidInputs" time="1.771" classname="com.ge.current.em.automation.ui.APMPostTest"/>
  <testcase name="postEnterprisewithvalidinputs" time="2.242" classname="com.ge.current.em.automation.ui.APMPostTest"/>
  <testcase name="createTagTypes" time="1.549" classname="com.ge.current.em.automation.ui.APMPostTest"/>
  <testcase name="creatingGatewayAsset" time="0.003" classname="com.ge.current.em.automation.ui.APMPostTest">
    <error type="java.io.FileNotFoundException" message="src\main\resources\test-suite\data\apm\Assets_Gateway.json (The system cannot find the file specified)">
      <![CDATA[java.io.FileNotFoundException: src\main\resources\test-suite\data\apm\Assets_Gateway.json (The system cannot find the file specified)
	at java.io.FileInputStream.open0(Native Method)
	at java.io.FileInputStream.open(Unknown Source)
	at java.io.FileInputStream.<init>(Unknown Source)
	at java.io.FileReader.<init>(Unknown Source)
	at com.ge.current.em.APMJsonUtility.readFromFile(APMJsonUtility.java:53)
	at com.ge.current.em.APMJsonUtility.readPayloadFile(APMJsonUtility.java:45)
	at com.ge.current.em.automation.util.APMTestUtil.readPayloadFile(APMTestUtil.java:59)
	at com.ge.current.em.automation.ui.APMPostTest.creatingGatewayAsset(APMPostTest.java:292)
	at sun.reflect.NativeMethodAccessorImpl.invoke0(Native Method)
	at sun.reflect.NativeMethodAccessorImpl.invoke(Unknown Source)
	at sun.reflect.DelegatingMethodAccessorImpl.invoke(Unknown Source)
	at java.lang.reflect.Method.invoke(Unknown Source)
	at org.testng.internal.MethodInvocationHelper.invokeMethod(MethodInvocationHelper.java:86)
	at org.testng.internal.Invoker.invokeMethod(Invoker.java:643)
	at org.testng.internal.Invoker.invokeTestMethod(Invoker.java:820)
	at org.testng.internal.Invoker.invokeTestMethods(Invoker.java:1128)
	at org.testng.internal.TestMethodWorker.invokeTestMethods(TestMethodWorker.java:129)
	at org.testng.internal.TestMethodWorker.run(TestMethodWorker.java:112)
	at org.testng.TestRunner.privateRun(TestRunner.java:782)
	at org.testng.TestRunner.run(TestRunner.java:632)
	at org.testng.SuiteRunner.runTest(SuiteRunner.java:366)
	at org.testng.SuiteRunner.runSequentially(SuiteRunner.java:361)
	at org.testng.SuiteRunner.privateRun(SuiteRunner.java:319)
	at org.testng.SuiteRunner.run(SuiteRunner.java:268)
	at org.testng.SuiteRunnerWorker.runSuite(SuiteRunnerWorker.java:52)
	at org.testng.SuiteRunnerWorker.run(SuiteRunnerWorker.java:86)
	at org.testng.TestNG.runSuitesSequentially(TestNG.java:1244)
	at org.testng.TestNG.runSuitesLocally(TestNG.java:1169)
	at org.testng.TestNG.run(TestNG.java:1064)
	at org.testng.remote.AbstractRemoteTestNG.run(AbstractRemoteTestNG.java:132)
	at org.testng.remote.RemoteTestNG.initAndRun(RemoteTestNG.java:230)
	at org.testng.remote.RemoteTestNG.main(RemoteTestNG.java:76)
]]>
    </error>
  </testcase> <!-- creatingGatewayAsset -->
</testsuite> <!-- com.ge.current.em.automation.ui.APMPostTest -->
