<?xml version="1.0" encoding="UTF-8"?>
<!-- Generated by org.testng.reporters.JUnitReportReporter -->
<testsuite hostname="KARTHIKs-MacBook-Pro.local" name="com.ge.current.em.automation.apm.site.SiteTest" tests="4" failures="0" timestamp="9 May 2017 17:03:39 GMT" time="6.389" errors="0">
  <testcase name="testGetSiteDescendents" time="0.837" classname="com.ge.current.em.automation.apm.site.SiteTest"/>
  <testcase name="testLoadSiteProperties" time="1.486" classname="com.ge.current.em.automation.apm.site.SiteTest"/>
  <testcase name="testUpdateExistingSiteproperties" time="2.073" classname="com.ge.current.em.automation.apm.site.SiteTest"/>
  <testcase name="testUpdateNewSiteproperties" time="1.993" classname="com.ge.current.em.automation.apm.site.SiteTest"/>
</testsuite> <!-- com.ge.current.em.automation.apm.site.SiteTest -->
