<?xml version="1.0" encoding="UTF-8"?>
<!-- Generated by org.testng.reporters.JUnitReportReporter -->
<testsuite hostname="CIQ-003" name="com.ge.current.em.automation.ui.APMPatchTest" tests="1" failures="0" timestamp="11 Apr 2017 10:11:14 GMT" time="3.628" errors="0">
  <testcase name="patchTypepropertieswithvalidinputs" time="3.628" classname="com.ge.current.em.automation.ui.APMPatchTest"/>
</testsuite> <!-- com.ge.current.em.automation.ui.APMPatchTest -->
