<?xml version="1.0" encoding="UTF-8"?>
<!-- Generated by org.testng.reporters.JUnitReportReporter -->
<testsuite hostname="KARTHIKs-MacBook-Pro.local" name="com.ge.current.em.automation.ingestion.AggregationTest" tests="1" failures="0" timestamp="24 May 2017 17:41:54 GMT" time="164.092" errors="0">
  <testcase name="testMetadataInMinAggregationForFE2EAHU" time="164.092" classname="com.ge.current.em.automation.ingestion.AggregationTest"/>
</testsuite> <!-- com.ge.current.em.automation.ingestion.AggregationTest -->
