<?xml version="1.0" encoding="UTF-8"?>
<!-- Generated by org.testng.reporters.JUnitReportReporter -->
<testsuite hostname="KARTHIKs-MacBook-Pro.local" name="com.ge.current.em.automation.apm.hierarchytesting.APMHierarchy" tests="22" failures="0" timestamp="9 May 2017 21:44:24 GMT" time="41.171" errors="0">
  <testcase name="testCreatingAssetUnderSegment" time="3.388" classname="com.ge.current.em.automation.apm.hierarchytesting.APMHierarchy"/>
  <testcase name="testPatchSegmentChildren" time="1.409" classname="com.ge.current.em.automation.apm.hierarchytesting.APMHierarchy"/>
  <testcase name="testCreatingTagUnderSegment" time="1.440" classname="com.ge.current.em.automation.apm.hierarchytesting.APMHierarchy"/>
  <testcase name="testPutSegmentChildren" time="1.469" classname="com.ge.current.em.automation.apm.hierarchytesting.APMHierarchy"/>
  <testcase name="testSiteParentCanBeOfEnterprise" time="2.005" classname="com.ge.current.em.automation.apm.hierarchytesting.APMHierarchy"/>
  <testcase name="testRegionParentCanBeEnterprise" time="2.078" classname="com.ge.current.em.automation.apm.hierarchytesting.APMHierarchy"/>
  <testcase name="testEnterpriseParentCanBeRootEnterprise" time="2.281" classname="com.ge.current.em.automation.apm.hierarchytesting.APMHierarchy"/>
  <testcase name="testCreateSegmentTypeUnderRootEnterprise" time="2.327" classname="com.ge.current.em.automation.apm.hierarchytesting.APMHierarchy"/>
  <testcase name="testCreateTagTypes" time="0.690" classname="com.ge.current.em.automation.apm.hierarchytesting.APMHierarchy"/>
  <testcase name="testSiteParentCanBeRegion" time="1.932" classname="com.ge.current.em.automation.apm.hierarchytesting.APMHierarchy"/>
  <testcase name="testSegmentParentCanBeSegment" time="3.739" classname="com.ge.current.em.automation.apm.hierarchytesting.APMHierarchy"/>
  <testcase name="testCreatingSiteGateway" time="2.096" classname="com.ge.current.em.automation.apm.hierarchytesting.APMHierarchy"/>
  <testcase name="testCreatingAssetUnderSite" time="3.474" classname="com.ge.current.em.automation.apm.hierarchytesting.APMHierarchy"/>
  <testcase name="testCreateAssetType" time="0.000" classname="com.ge.current.em.automation.apm.hierarchytesting.APMHierarchy"/>
  <testcase name="testCreateTagUnderEnterprise" time="1.341" classname="com.ge.current.em.automation.apm.hierarchytesting.APMHierarchy"/>
  <testcase name="testCreatingTagsUnderSite" time="1.491" classname="com.ge.current.em.automation.apm.hierarchytesting.APMHierarchy"/>
  <testcase name="testRegionParentCanBeRegion" time="2.137" classname="com.ge.current.em.automation.apm.hierarchytesting.APMHierarchy"/>
  <testcase name="testSegmentParentCanbeSite" time="3.600" classname="com.ge.current.em.automation.apm.hierarchytesting.APMHierarchy"/>
  <testcase name="testCreateAssetModelType" time="0.003" classname="com.ge.current.em.automation.apm.hierarchytesting.APMHierarchy"/>
  <testcase name="testCreatingTagsUnderAsset" time="2.228" classname="com.ge.current.em.automation.apm.hierarchytesting.APMHierarchy"/>
  <testcase name="testSiteParentCanBeSite" time="2.035" classname="com.ge.current.em.automation.apm.hierarchytesting.APMHierarchy"/>
  <testcase name="testEnterpriseCanExistWithoutAParent" time="0.008" classname="com.ge.current.em.automation.apm.hierarchytesting.APMHierarchy"/>
</testsuite> <!-- com.ge.current.em.automation.apm.hierarchytesting.APMHierarchy -->
