<?xml version="1.0" encoding="UTF-8"?>
<!-- Generated by org.testng.reporters.JUnitReportReporter -->
<testsuite hostname="CIQ-002" name="com.ge.current.em.automation.ui.APMHierarchyTest" tests="4" failures="0" timestamp="10 Apr 2017 07:45:46 GMT" time="6.785" errors="0">
  <testcase name="enterpriseCanExistWithoutAParent" time="2.070" classname="com.ge.current.em.automation.ui.APMHierarchyTest"/>
  <testcase name="enterpriseParentCanBeRootEnterprise" time="1.669" classname="com.ge.current.em.automation.ui.APMHierarchyTest"/>
  <testcase name="regionParentCanBeEnterprise" time="1.577" classname="com.ge.current.em.automation.ui.APMHierarchyTest"/>
  <testcase name="regionParentCanBeRegion" time="1.469" classname="com.ge.current.em.automation.ui.APMHierarchyTest"/>
</testsuite> <!-- com.ge.current.em.automation.ui.APMHierarchyTest -->
