<?xml version="1.0" encoding="UTF-8"?>
<!-- Generated by org.testng.reporters.JUnitReportReporter -->
<testsuite hostname="CIQ-002" name="com.ge.current.em.automation.apm.assets.APMAssets" tests="5" failures="0" timestamp="10 Apr 2017 10:38:45 GMT" time="8.664" errors="0">
  <testcase name="createTagTypes" time="1.451" classname="com.ge.current.em.automation.apm.assets.APMAssets"/>
  <testcase name="creatingSiteswithvalidinputs" time="1.679" classname="com.ge.current.em.automation.apm.assets.APMAssets"/>
  <testcase name="createAssetTypeValidInputs" time="1.817" classname="com.ge.current.em.automation.apm.assets.APMAssets"/>
  <testcase name="postEnterprisewithvalidinputs" time="2.158" classname="com.ge.current.em.automation.apm.assets.APMAssets"/>
  <testcase name="createTagTypes" time="1.559" classname="com.ge.current.em.automation.apm.assets.APMAssets"/>
</testsuite> <!-- com.ge.current.em.automation.apm.assets.APMAssets -->
